  Agent.cpp
c:\users\luis\documents\github\fundajuegos2019-1\proyectos\papuengine\agent.h(2): fatal error C1083: No se puede abrir el archivo incluir: 'glm\glm.hpp': No such file or directory
  App.cpp
c:\users\luis\documents\github\fundajuegos2019-1\proyectos\papuengine\app.cpp : fatal error C1041: no puede abrir la base de datos de programa 'C:\Users\Luis\Documents\GitHub\FundaJuegos2019-1\Proyectos\PapuEngine\x64\Debug\vc141.pdb'. Si varios CL.EXE escriben en el mismo archivo .PDB, use /FS.
  AudioPlayer.cpp
c:\users\luis\documents\github\fundajuegos2019-1\proyectos\papuengine\audioplayer.h(2): fatal error C1083: No se puede abrir el archivo incluir: 'irrKlang/irrKlang.h': No such file or directory
  Background.cpp
c:\users\luis\documents\github\fundajuegos2019-1\proyectos\papuengine\spritebatch.h(2): fatal error C1083: No se puede abrir el archivo incluir: 'GL\glew.h': No such file or directory
  Button.cpp
c:\users\luis\documents\github\fundajuegos2019-1\proyectos\papuengine\spritebatch.h(2): fatal error C1083: No se puede abrir el archivo incluir: 'GL\glew.h': No such file or directory
  Camera2D.cpp
c:\users\luis\documents\github\fundajuegos2019-1\proyectos\papuengine\camera2d.h(3): fatal error C1083: No se puede abrir el archivo incluir: 'glm\glm.hpp': No such file or directory
  EndScreen.cpp
  Enemy.cpp
c:\users\luis\documents\github\fundajuegos2019-1\proyectos\papuengine\agent.h(2): fatal error C1083: No se puede abrir el archivo incluir: 'glm\glm.hpp': No such file or directory
  Error.cpp
  Game.cpp
c:\users\luis\documents\github\fundajuegos2019-1\proyectos\papuengine\window.h(2): fatal error C1083: No se puede abrir el archivo incluir: 'SDL\SDL.h': No such file or directory
  Gamer.cpp
c:\users\luis\documents\github\fundajuegos2019-1\proyectos\papuengine\agent.h(2): fatal error C1083: No se puede abrir el archivo incluir: 'glm\glm.hpp': No such file or directory
  GLS_Program.cpp
c:\users\luis\documents\github\fundajuegos2019-1\proyectos\papuengine\gls_program.h(2): fatal error C1083: No se puede abrir el archivo incluir: 'GL/glew.h': No such file or directory
  ImageLoader.cpp
c:\users\luis\documents\github\fundajuegos2019-1\proyectos\papuengine\gltexture.h(3): fatal error C1083: No se puede abrir el archivo incluir: 'GL/glew.h': No such file or directory
  InputManager.cpp
c:\users\luis\documents\github\fundajuegos2019-1\proyectos\papuengine\inputmanager.h(3): fatal error C1083: No se puede abrir el archivo incluir: 'glm\glm.hpp': No such file or directory
  IOManager.cpp
c:\users\luis\documents\github\fundajuegos2019-1\proyectos\papuengine\iomanager.cpp(15): warning C4244: 'inicializando': conversión de 'std::streamoff' a 'int'; posible pérdida de datos
c:\users\luis\documents\github\fundajuegos2019-1\proyectos\papuengine\iomanager.cpp(18): warning C4244: '-=': conversión de 'std::streamoff' a 'int'; posible pérdida de datos
  main.cpp
c:\users\luis\documents\github\fundajuegos2019-1\proyectos\papuengine\main.cpp(1): fatal error C1083: No se puede abrir el archivo incluir: 'SDL\SDL.h': No such file or directory
  MenuScreen.cpp
c:\users\luis\documents\github\fundajuegos2019-1\proyectos\papuengine\window.h(2): fatal error C1083: No se puede abrir el archivo incluir: 'SDL\SDL.h': No such file or directory
  PapuEngine.cpp
c:\users\luis\documents\github\fundajuegos2019-1\proyectos\papuengine\papuengine.cpp(1): fatal error C1083: No se puede abrir el archivo incluir: 'SDL\SDL.h': No such file or directory
  picoPNG.cpp
  PlayScreen.cpp
c:\users\luis\documents\github\fundajuegos2019-1\proyectos\papuengine\camera2d.h(3): fatal error C1083: No se puede abrir el archivo incluir: 'glm\glm.hpp': No such file or directory
  Generando código...
  Compilando...
  ResourceManager.cpp
c:\users\luis\documents\github\fundajuegos2019-1\proyectos\papuengine\gltexture.h(3): fatal error C1083: No se puede abrir el archivo incluir: 'GL/glew.h': No such file or directory
  ScreenList.cpp
c:\users\luis\documents\github\fundajuegos2019-1\proyectos\papuengine\screenlist.cpp(13): warning C4267: '=': conversión de 'size_t' a 'int'; posible pérdida de datos
  Sprite.cpp
c:\users\luis\documents\github\fundajuegos2019-1\proyectos\papuengine\sprite.h(2): fatal error C1083: No se puede abrir el archivo incluir: 'GL\glew.h': No such file or directory
  SpriteBatch.cpp
c:\users\luis\documents\github\fundajuegos2019-1\proyectos\papuengine\spritebatch.h(2): fatal error C1083: No se puede abrir el archivo incluir: 'GL\glew.h': No such file or directory
  SpriteFont.cpp
c:\users\luis\documents\github\fundajuegos2019-1\proyectos\papuengine\spritefont.h(27): fatal error C1083: No se puede abrir el archivo incluir: 'TTF/SDL_ttf.h': No such file or directory
  TextureCache.cpp
c:\users\luis\documents\github\fundajuegos2019-1\proyectos\papuengine\gltexture.h(3): fatal error C1083: No se puede abrir el archivo incluir: 'GL/glew.h': No such file or directory
  Timing.cpp
c:\users\luis\documents\github\fundajuegos2019-1\proyectos\papuengine\timing.cpp(2): fatal error C1083: No se puede abrir el archivo incluir: 'SDL\SDL.h': No such file or directory
  Window.cpp
c:\users\luis\documents\github\fundajuegos2019-1\proyectos\papuengine\window.h(2): fatal error C1083: No se puede abrir el archivo incluir: 'SDL\SDL.h': No such file or directory
  Generando código...
