c:\users\luis\documents\github\fundajuegos2019-1\proyectos\papuengine\debug\vc141.pdb
c:\users\luis\documents\github\fundajuegos2019-1\proyectos\papuengine\debug\vc141.idb
c:\users\luis\documents\github\fundajuegos2019-1\proyectos\papuengine\debug\screenlist.obj
c:\users\luis\documents\github\fundajuegos2019-1\proyectos\papuengine\debug\resourcemanager.obj
c:\users\luis\documents\github\fundajuegos2019-1\proyectos\papuengine\debug\playscreen.obj
c:\users\luis\documents\github\fundajuegos2019-1\proyectos\papuengine\debug\picopng.obj
c:\users\luis\documents\github\fundajuegos2019-1\proyectos\papuengine\debug\papuengine.obj
c:\users\luis\documents\github\fundajuegos2019-1\proyectos\papuengine\debug\menuscreen.obj
c:\users\luis\documents\github\fundajuegos2019-1\proyectos\papuengine\debug\main.obj
c:\users\luis\documents\github\fundajuegos2019-1\proyectos\papuengine\debug\iomanager.obj
c:\users\luis\documents\github\fundajuegos2019-1\proyectos\papuengine\debug\inputmanager.obj
c:\users\luis\documents\github\fundajuegos2019-1\proyectos\papuengine\debug\imageloader.obj
c:\users\luis\documents\github\fundajuegos2019-1\proyectos\papuengine\debug\gls_program.obj
c:\users\luis\documents\github\fundajuegos2019-1\proyectos\papuengine\debug\gamer.obj
c:\users\luis\documents\github\fundajuegos2019-1\proyectos\papuengine\debug\game.obj
c:\users\luis\documents\github\fundajuegos2019-1\proyectos\papuengine\debug\error.obj
c:\users\luis\documents\github\fundajuegos2019-1\proyectos\papuengine\debug\endscreen.obj
c:\users\luis\documents\github\fundajuegos2019-1\proyectos\papuengine\debug\camera2d.obj
c:\users\luis\documents\github\fundajuegos2019-1\proyectos\papuengine\debug\button.obj
c:\users\luis\documents\github\fundajuegos2019-1\proyectos\papuengine\debug\background.obj
c:\users\luis\documents\github\fundajuegos2019-1\proyectos\papuengine\debug\app.obj
c:\users\luis\documents\github\fundajuegos2019-1\proyectos\papuengine\debug\agent.obj
c:\users\luis\documents\github\fundajuegos2019-1\proyectos\papuengine\debug\window.obj
c:\users\luis\documents\github\fundajuegos2019-1\proyectos\papuengine\debug\timing.obj
c:\users\luis\documents\github\fundajuegos2019-1\proyectos\papuengine\debug\texturecache.obj
c:\users\luis\documents\github\fundajuegos2019-1\proyectos\papuengine\debug\spritefont.obj
c:\users\luis\documents\github\fundajuegos2019-1\proyectos\papuengine\debug\spritebatch.obj
c:\users\luis\documents\github\fundajuegos2019-1\proyectos\papuengine\debug\sprite.obj
c:\users\luis\documents\github\fundajuegos2019-1\proyectos\papuengine\debug\enemy.obj
c:\users\luis\documents\github\fundajuegos2019-1\proyectos\debug\papuengine.exe
c:\users\luis\documents\github\fundajuegos2019-1\proyectos\debug\papuengine.ilk
c:\users\luis\documents\github\fundajuegos2019-1\proyectos\debug\papuengine.pdb
c:\users\luis\documents\github\fundajuegos2019-1\proyectos\papuengine\debug\vc140.idb
c:\users\luis\documents\github\fundajuegos2019-1\proyectos\papuengine\debug\vc140.pdb
c:\users\luis\documents\github\fundajuegos2019-1\proyectos\papuengine\debug\papuengine.tlog\cl.command.1.tlog
c:\users\luis\documents\github\fundajuegos2019-1\proyectos\papuengine\debug\papuengine.tlog\cl.read.1.tlog
c:\users\luis\documents\github\fundajuegos2019-1\proyectos\papuengine\debug\papuengine.tlog\cl.write.1.tlog
c:\users\luis\documents\github\fundajuegos2019-1\proyectos\papuengine\debug\papuengine.tlog\link.command.1.tlog
c:\users\luis\documents\github\fundajuegos2019-1\proyectos\papuengine\debug\papuengine.tlog\link.read.1.tlog
c:\users\luis\documents\github\fundajuegos2019-1\proyectos\papuengine\debug\papuengine.tlog\link.write.1.tlog
